0 info it worked if it ends with ok
1 verbose cli [ '/home/serapath/.nvm/versions/node/v5.11.0/bin/node',
1 verbose cli   '/home/serapath/.nvm/versions/node/v5.11.0/bin/npm',
1 verbose cli   'start' ]
2 info using npm@3.8.6
3 info using node@v5.11.0
4 verbose stack Error: missing script: start
4 verbose stack     at run (/home/serapath/.nvm/versions/node/v5.11.0/lib/node_modules/npm/lib/run-script.js:147:19)
4 verbose stack     at /home/serapath/.nvm/versions/node/v5.11.0/lib/node_modules/npm/lib/run-script.js:57:5
4 verbose stack     at /home/serapath/.nvm/versions/node/v5.11.0/lib/node_modules/npm/node_modules/read-package-json/read-json.js:345:5
4 verbose stack     at handleExists (/home/serapath/.nvm/versions/node/v5.11.0/lib/node_modules/npm/node_modules/read-package-json/read-json.js:318:20)
4 verbose stack     at FSReqWrap.cb [as oncomplete] (fs.js:216:19)
5 verbose cwd /home/serapath/Desktop/dev/holding/orgs/digitalsolopreneur.eu/company-cli/SOURCE
6 error Linux 3.19.0-32-generic
7 error argv "/home/serapath/.nvm/versions/node/v5.11.0/bin/node" "/home/serapath/.nvm/versions/node/v5.11.0/bin/npm" "start"
8 error node v5.11.0
9 error npm  v3.8.6
10 error missing script: start
11 error If you need help, you may report this error at:
11 error     <https://github.com/npm/npm/issues>
12 verbose exit [ 1, true ]
